# JRE version: Java(TM) SE Runtime Environment (8.0_45-b14) (build 1.8.0_45-b14)
# Java VM: Java HotSpot(TM) 64-Bit Server VM (25.45-b02 mixed mode windows-amd64 compressed oops)
Heap:
 PSYoungGen      total 38400K, used 12589K [0x00000000e0000000, 0x00000000e3800000, 0x0000000100000000)
  eden space 33280K, 22% used [0x00000000e0000000,0x00000000e074c598,0x00000000e2080000)
  from space 5120K, 99% used [0x00000000e2080000,0x00000000e257f1f8,0x00000000e2580000)
  to   space 5120K, 0% used [0x00000000e2580000,0x00000000e2580000,0x00000000e2a80000)
 ParOldGen       total 59392K, used 5419K [0x00000000a0000000, 0x00000000a3a00000, 0x00000000e0000000)
  object space 59392K, 9% used [0x00000000a0000000,0x00000000a054adb0,0x00000000a3a00000)
 Metaspace       used 18122K, capacity 18490K, committed 18816K, reserved 1064960K
  class space    used 2721K, capacity 2847K, committed 2944K, reserved 1048576K
GC Heap History (10 events):
Event: 1.066 GC heap before
{Heap before GC invocations=2 (full 0):
 PSYoungGen      total 38400K, used 37932K [0x00000000e0000000, 0x00000000e2a80000, 0x0000000100000000)
  eden space 33280K, 100% used [0x00000000e0000000,0x00000000e2080000,0x00000000e2080000)
  from space 5120K, 90% used [0x00000000e2080000,0x00000000e250b118,0x00000000e2580000)
  to   space 5120K, 0% used [0x00000000e2580000,0x00000000e2580000,0x00000000e2a80000)
 ParOldGen       total 87552K, used 8K [0x00000000a0000000, 0x00000000a5580000, 0x00000000e0000000)
  object space 87552K, 0% used [0x00000000a0000000,0x00000000a0002000,0x00000000a5580000)
 Metaspace       used 8409K, capacity 8692K, committed 8960K, reserved 1056768K
  class space    used 1125K, capacity 1176K, committed 1280K, reserved 1048576K
Event: 1.070 GC heap after
Heap after GC invocations=2 (full 0):
 PSYoungGen      total 38400K, used 4505K [0x00000000e0000000, 0x00000000e2a80000, 0x0000000100000000)
  eden space 33280K, 0% used [0x00000000e0000000,0x00000000e0000000,0x00000000e2080000)
  from space 5120K, 87% used [0x00000000e2580000,0x00000000e29e65f0,0x00000000e2a80000)
  to   space 5120K, 0% used [0x00000000e2080000,0x00000000e2080000,0x00000000e2580000)
 ParOldGen       total 87552K, used 16K [0x00000000a0000000, 0x00000000a5580000, 0x00000000e0000000)
  object space 87552K, 0% used [0x00000000a0000000,0x00000000a0004000,0x00000000a5580000)
 Metaspace       used 8409K, capacity 8692K, committed 8960K, reserved 1056768K
  class space    used 1125K, capacity 1176K, committed 1280K, reserved 1048576K
}
Event: 1.552 GC heap before
{Heap before GC invocations=3 (full 0):
 PSYoungGen      total 38400K, used 21861K [0x00000000e0000000, 0x00000000e2a80000, 0x0000000100000000)
  eden space 33280K, 52% used [0x00000000e0000000,0x00000000e10f2e28,0x00000000e2080000)
  from space 5120K, 87% used [0x00000000e2580000,0x00000000e29e65f0,0x00000000e2a80000)
  to   space 5120K, 0% used [0x00000000e2080000,0x00000000e2080000,0x00000000e2580000)
 ParOldGen       total 87552K, used 16K [0x00000000a0000000, 0x00000000a5580000, 0x00000000e0000000)
  object space 87552K, 0% used [0x00000000a0000000,0x00000000a0004000,0x00000000a5580000)
 Metaspace       used 11604K, capacity 11930K, committed 12032K, reserved 1062912K
  class space    used 1619K, capacity 1743K, committed 1792K, reserved 1048576K
Event: 1.556 GC heap after
Heap after GC invocations=3 (full 0):
 PSYoungGen      total 38400K, used 5112K [0x00000000e0000000, 0x00000000e2a80000, 0x0000000100000000)
  eden space 33280K, 0% used [0x00000000e0000000,0x00000000e0000000,0x00000000e2080000)
  from space 5120K, 99% used [0x00000000e2080000,0x00000000e257e030,0x00000000e2580000)
  to   space 5120K, 0% used [0x00000000e2580000,0x00000000e2580000,0x00000000e2a80000)
 ParOldGen       total 87552K, used 336K [0x00000000a0000000, 0x00000000a5580000, 0x00000000e0000000)
  object space 87552K, 0% used [0x00000000a0000000,0x00000000a0054308,0x00000000a5580000)
 Metaspace       used 11604K, capacity 11930K, committed 12032K, reserved 1062912K
  class space    used 1619K, capacity 1743K, committed 1792K, reserved 1048576K
}
Event: 1.556 GC heap before
{Heap before GC invocations=4 (full 1):
 PSYoungGen      total 38400K, used 5112K [0x00000000e0000000, 0x00000000e2a80000, 0x0000000100000000)
  eden space 33280K, 0% used [0x00000000e0000000,0x00000000e0000000,0x00000000e2080000)
  from space 5120K, 99% used [0x00000000e2080000,0x00000000e257e030,0x00000000e2580000)
  to   space 5120K, 0% used [0x00000000e2580000,0x00000000e2580000,0x00000000e2a80000)
 ParOldGen       total 87552K, used 336K [0x00000000a0000000, 0x00000000a5580000, 0x00000000e0000000)
  object space 87552K, 0% used [0x00000000a0000000,0x00000000a0054308,0x00000000a5580000)
 Metaspace       used 11604K, capacity 11930K, committed 12032K, reserved 1062912K
  class space    used 1619K, capacity 1743K, committed 1792K, reserved 1048576K
Event: 1.579 GC heap after
Heap after GC invocations=4 (full 1):
 PSYoungGen      total 38400K, used 0K [0x00000000e0000000, 0x00000000e2a80000, 0x0000000100000000)
  eden space 33280K, 0% used [0x00000000e0000000,0x00000000e0000000,0x00000000e2080000)
  from space 5120K, 0% used [0x00000000e2080000,0x00000000e2080000,0x00000000e2580000)
  to   space 5120K, 0% used [0x00000000e2580000,0x00000000e2580000,0x00000000e2a80000)
 ParOldGen       total 59392K, used 5255K [0x00000000a0000000, 0x00000000a3a00000, 0x00000000e0000000)
  object space 59392K, 8% used [0x00000000a0000000,0x00000000a0521db8,0x00000000a3a00000)
 Metaspace       used 11604K, capacity 11930K, committed 12032K, reserved 1060864K
  class space    used 1619K, capacity 1743K, committed 1792K, reserved 1048576K
}
Event: 1.816 GC heap before
{Heap before GC invocations=5 (full 1):
 PSYoungGen      total 38400K, used 33280K [0x00000000e0000000, 0x00000000e2a80000, 0x0000000100000000)
  eden space 33280K, 100% used [0x00000000e0000000,0x00000000e2080000,0x00000000e2080000)
  from space 5120K, 0% used [0x00000000e2080000,0x00000000e2080000,0x00000000e2580000)
  to   space 5120K, 0% used [0x00000000e2580000,0x00000000e2580000,0x00000000e2a80000)
 ParOldGen       total 59392K, used 5255K [0x00000000a0000000, 0x00000000a3a00000, 0x00000000e0000000)
  object space 59392K, 8% used [0x00000000a0000000,0x00000000a0521db8,0x00000000a3a00000)
 Metaspace       used 14128K, capacity 14546K, committed 14848K, reserved 1062912K
  class space    used 2076K, capacity 2237K, committed 2304K, reserved 1048576K
Event: 1.819 GC heap after
Heap after GC invocations=5 (full 1):
 PSYoungGen      total 38400K, used 3741K [0x00000000e0000000, 0x00000000e3800000, 0x0000000100000000)
  eden space 33280K, 0% used [0x00000000e0000000,0x00000000e0000000,0x00000000e2080000)
  from space 5120K, 73% used [0x00000000e2580000,0x00000000e2927558,0x00000000e2a80000)
  to   space 5120K, 0% used [0x00000000e2080000,0x00000000e2080000,0x00000000e2580000)
 ParOldGen       total 59392K, used 5255K [0x00000000a0000000, 0x00000000a3a00000, 0x00000000e0000000)
  object space 59392K, 8% used [0x00000000a0000000,0x00000000a0521db8,0x00000000a3a00000)
 Metaspace       used 14128K, capacity 14546K, committed 14848K, reserved 1062912K
  class space    used 2076K, capacity 2237K, committed 2304K, reserved 1048576K
}
Event: 2.116 GC heap before
{Heap before GC invocations=6 (full 1):
 PSYoungGen      total 38400K, used 37021K [0x00000000e0000000, 0x00000000e3800000, 0x0000000100000000)
  eden space 33280K, 100% used [0x00000000e0000000,0x00000000e2080000,0x00000000e2080000)
  from space 5120K, 73% used [0x00000000e2580000,0x00000000e2927558,0x00000000e2a80000)
  to   space 5120K, 0% used [0x00000000e2080000,0x00000000e2080000,0x00000000e2580000)
 ParOldGen       total 59392K, used 5255K [0x00000000a0000000, 0x00000000a3a00000, 0x00000000e0000000)
  object space 59392K, 8% used [0x00000000a0000000,0x00000000a0521db8,0x00000000a3a00000)
 Metaspace       used 17364K, capacity 17780K, committed 17920K, reserved 1064960K
  class space    used 2618K, capacity 2782K, committed 2816K, reserved 1048576K
Event: 2.120 GC heap after
Heap after GC invocations=6 (full 1):
 PSYoungGen      total 38400K, used 5116K [0x00000000e0000000, 0x00000000e3800000, 0x0000000100000000)
  eden space 33280K, 0% used [0x00000000e0000000,0x00000000e0000000,0x00000000e2080000)
  from space 5120K, 99% used [0x00000000e2080000,0x00000000e257f1f8,0x00000000e2580000)
  to   space 5120K, 0% used [0x00000000e2580000,0x00000000e2580000,0x00000000e2a80000)
 ParOldGen       total 59392K, used 5419K [0x00000000a0000000, 0x00000000a3a00000, 0x00000000e0000000)
  object space 59392K, 9% used [0x00000000a0000000,0x00000000a054adb0,0x00000000a3a00000)
 Metaspace       used 17364K, capacity 17780K, committed 17920K, reserved 1064960K
  class space    used 2618K, capacity 2782K, committed 2816K, reserved 1048576K
}

